2016-05-24 17:09:33 INFO  main [mitsuba.cpp:256] Mitsuba version 0.5.0 (Windows, 64 bit), Copyright (c) 2014 Wenzel Jakob
2016-05-24 17:09:33 INFO  main [mitsuba.cpp:356] Parsing scene description from "texture-matrix.xml" ..
2016-05-24 17:09:33 INFO  main [PluginManager] Loading plugin "plugins\path.dll" ..
2016-05-24 17:09:33 INFO  main [PluginManager] Loading plugin "plugins\constant.dll" ..
2016-05-24 17:09:33 INFO  main [PluginManager] Loading plugin "plugins\bitmap.dll" ..
2016-05-24 17:09:33 INFO  main [BitmapTexture] Loading texture "resultat.png"
2016-05-24 17:09:33 INFO  main [PluginManager] Loading plugin "plugins\lanczos.dll" ..
2016-05-24 17:09:33 INFO  main [BitmapTexture] Loading texture "textureOmbre.png"
2016-05-24 17:09:33 INFO  main [PluginManager] Loading plugin "plugins\diffuse.dll" ..
2016-05-24 17:09:33 INFO  main [PluginManager] Loading plugin "plugins\twosided.dll" ..
2016-05-24 17:09:33 INFO  main [PluginManager] Loading plugin "plugins\heightfield.dll" ..
2016-05-24 17:09:33 INFO  main [Heightfield] Resampling heightfield texture from 769x577 to 1025x1025 ..
2016-05-24 17:09:33 INFO  main [Heightfield] Building acceleration data structure for 1025x1025 height field ..
2016-05-24 17:09:33 INFO  main [Heightfield] Precomputing shading normals ..
2016-05-24 17:09:33 INFO  main [Heightfield] Done (took 30 ms, uses 26.7 MiB of memory)
2016-05-24 17:09:33 INFO  main [PluginManager] Loading plugin "plugins\ldsampler.dll" ..
2016-05-24 17:09:33 INFO  main [PluginManager] Loading plugin "plugins\gaussian.dll" ..
2016-05-24 17:09:33 INFO  main [PluginManager] Loading plugin "plugins\ldrfilm.dll" ..
2016-05-24 17:09:33 INFO  main [PluginManager] Loading plugin "plugins\perspective.dll" ..
2016-05-24 17:09:33 INFO  ren0 [KDTreeBase] Constructing a SAH kd-tree (1 primitives) ..
2016-05-24 17:09:33 INFO  ren0 [KDTreeBase] Finished -- took 0 ms.
2016-05-24 17:09:33 INFO  ren0 [PluginManager] Loading plugin "plugins\sphere.dll" ..
2016-05-24 17:09:33 INFO  ren0 [SamplingIntegrator] Starting render job (512x300, 32 samples, 4 cores, SSE2 enabled) ..
2016-05-24 17:09:37 INFO  ren0 [RenderJob] Render time: 4.2800s
2016-05-24 17:09:38 INFO  ren0 [LDRFilm] Writing image to "terrainPP.png" ..
2016-05-24 17:09:38 INFO  main [statistics.cpp:142] Statistics:
------------------------------------------------------------
 * Loaded plugins :
    -  plugins\bitmap.dll [Bitmap texture]
    -  plugins\constant.dll [Constant background emitter]
    -  plugins\diffuse.dll [Smooth diffuse BRDF]
    -  plugins\gaussian.dll [Gaussian reconstruction filter]
    -  plugins\heightfield.dll [Height field intersection shape]
    -  plugins\lanczos.dll [Lanczos Sinc filter]
    -  plugins\ldrfilm.dll [Low dynamic range film]
    -  plugins\ldsampler.dll [Low discrepancy sampler]
    -  plugins\path.dll [MI path tracer]
    -  plugins\perspective.dll [Perspective camera]
    -  plugins\sphere.dll [Sphere intersection primitive]
    -  plugins\twosided.dll [Two-sided BRDF adapter]

  * General :
    -  Normal rays traced : 7.182 M
    -  Shadow rays traced : 2.637 M

  * Height field :
    -  Traversal operations per query : 18.26 (169.57 M / 9.29 M)

  * Path tracer :
    -  Average path length : 1.09 (5.33 M / 4.92 M)

  * Texture system :
    -  Average EWA samples / lookup : 1.69 (318.83 K / 188.23 K)
    -  Cumulative MIP map memory allocations : 4.582 MiB
    -  Filtered texture lookups : 84.32 % (2.96 M of 3.51 M)
    -  Lookups with clamped anisotropy : 0.13 % (3.85 K of 2.96 M)
------------------------------------------------------------
