2016-05-17 17:44:59 INFO  main [mitsuba.cpp:256] Mitsuba version 0.5.0 (Windows, 64 bit), Copyright (c) 2014 Wenzel Jakob
2016-05-17 17:44:59 INFO  main [mitsuba.cpp:356] Parsing scene description from "texture-lookat.xml" ..
2016-05-17 17:44:59 INFO  main [PluginManager] Loading plugin "plugins\path.dll" ..
2016-05-17 17:44:59 INFO  main [PluginManager] Loading plugin "plugins\constant.dll" ..
2016-05-17 17:44:59 INFO  main [PluginManager] Loading plugin "plugins\bitmap.dll" ..
2016-05-17 17:44:59 INFO  main [BitmapTexture] Loading texture "terrain.png"
2016-05-17 17:44:59 INFO  main [PluginManager] Loading plugin "plugins\lanczos.dll" ..
2016-05-17 17:44:59 INFO  main [BitmapTexture] Loading texture "textureColor.png"
2016-05-17 17:44:59 INFO  main [PluginManager] Loading plugin "plugins\diffuse.dll" ..
2016-05-17 17:44:59 INFO  main [PluginManager] Loading plugin "plugins\twosided.dll" ..
2016-05-17 17:44:59 INFO  main [PluginManager] Loading plugin "plugins\heightfield.dll" ..
2016-05-17 17:44:59 INFO  main [Heightfield] Resampling heightfield texture from 385x289 to 513x513 ..
2016-05-17 17:44:59 INFO  main [Heightfield] Building acceleration data structure for 513x513 height field ..
2016-05-17 17:44:59 INFO  main [Heightfield] Precomputing shading normals ..
2016-05-17 17:44:59 INFO  main [Heightfield] Done (took 8 ms, uses 6.7 MiB of memory)
2016-05-17 17:44:59 INFO  main [PluginManager] Loading plugin "plugins\ldsampler.dll" ..
2016-05-17 17:44:59 INFO  main [PluginManager] Loading plugin "plugins\gaussian.dll" ..
2016-05-17 17:44:59 INFO  main [PluginManager] Loading plugin "plugins\ldrfilm.dll" ..
2016-05-17 17:44:59 INFO  main [PluginManager] Loading plugin "plugins\perspective.dll" ..
2016-05-17 17:44:59 INFO  ren0 [KDTreeBase] Constructing a SAH kd-tree (1 primitives) ..
2016-05-17 17:44:59 INFO  ren0 [KDTreeBase] Finished -- took 0 ms.
2016-05-17 17:44:59 INFO  ren0 [PluginManager] Loading plugin "plugins\sphere.dll" ..
2016-05-17 17:44:59 INFO  ren0 [SamplingIntegrator] Starting render job (512x300, 32 samples, 4 cores, SSE2 enabled) ..
2016-05-17 17:45:02 INFO  ren0 [RenderJob] Render time: 3.0170s
2016-05-17 17:45:02 INFO  ren0 [LDRFilm] Writing image to "resultat.png" ..
2016-05-17 17:45:02 INFO  main [statistics.cpp:142] Statistics:
------------------------------------------------------------
 * Loaded plugins :
    -  plugins\bitmap.dll [Bitmap texture]
    -  plugins\constant.dll [Constant background emitter]
    -  plugins\diffuse.dll [Smooth diffuse BRDF]
    -  plugins\gaussian.dll [Gaussian reconstruction filter]
    -  plugins\heightfield.dll [Height field intersection shape]
    -  plugins\lanczos.dll [Lanczos Sinc filter]
    -  plugins\ldrfilm.dll [Low dynamic range film]
    -  plugins\ldsampler.dll [Low discrepancy sampler]
    -  plugins\path.dll [MI path tracer]
    -  plugins\perspective.dll [Perspective camera]
    -  plugins\sphere.dll [Sphere intersection primitive]
    -  plugins\twosided.dll [Two-sided BRDF adapter]

  * General :
    -  Normal rays traced : 6.250 M
    -  Shadow rays traced : 1.511 M

  * Height field :
    -  Traversal operations per query : 13.79 (92.51 M / 6.71 M)

  * Path tracer :
    -  Average path length : 1.06 (5.23 M / 4.92 M)

  * Texture system :
    -  Average EWA samples / lookup : 1.80 (6.00 K / 3.32 K)
    -  Cumulative MIP map memory allocations : 530.469 KiB
    -  Filtered texture lookups : 79.71 % (1.57 M of 1.97 M)
    -  Lookups with clamped anisotropy : 0.35 % (5.54 K of 1.57 M)
------------------------------------------------------------
